c:\users\ga1\desktop\恐れすぎた幽鬼\star regein\star regein\x64\debug\vc140.pdb
c:\users\ga1\desktop\恐れすぎた幽鬼\star regein\star regein\x64\debug\vc140.idb
c:\users\ga1\desktop\恐れすぎた幽鬼\star regein\star regein\x64\debug\directxdevice.obj
c:\users\ga1\desktop\恐れすぎた幽鬼\star regein\star regein\x64\debug\draw2dtex_source.obj
c:\users\ga1\desktop\恐れすぎた幽鬼\star regein\star regein\x64\debug\hitboxmanager.obj
c:\users\ga1\desktop\恐れすぎた幽鬼\star regein\star regein\x64\debug\multithread.obj
c:\users\ga1\desktop\恐れすぎた幽鬼\star regein\star regein\x64\debug\scenemanager.obj
c:\users\ga1\desktop\恐れすぎた幽鬼\star regein\star regein\x64\debug\sceneobjmanager.obj
c:\users\ga1\desktop\恐れすぎた幽鬼\star regein\star regein\x64\debug\userdata.obj
c:\users\ga1\desktop\恐れすぎた幽鬼\star regein\star regein\x64\debug\wictextureloader.obj
c:\users\ga1\desktop\恐れすぎた幽鬼\star regein\star regein\x64\debug\wininputs.obj
c:\users\ga1\desktop\恐れすぎた幽鬼\star regein\star regein\x64\debug\objtitle.obj
c:\users\ga1\desktop\恐れすぎた幽鬼\star regein\star regein\x64\debug\audio.obj
c:\users\ga1\desktop\恐れすぎた幽鬼\star regein\star regein\x64\debug\drawfont.obj
c:\users\ga1\desktop\恐れすぎた幽鬼\star regein\star regein\x64\debug\drawtexture.obj
c:\users\ga1\desktop\恐れすぎた幽鬼\star regein\star regein\x64\debug\gamel_main.obj
c:\users\ga1\desktop\恐れすぎた幽鬼\star regein\star regein\x64\debug\setwindow.obj
c:\users\ga1\desktop\恐れすぎた幽鬼\star regein\star regein\x64\debug\scenetitle.obj
c:\users\ga1\desktop\恐れすぎた幽鬼\star regein\star regein\x64\debug\objbeamsaber.obj
c:\users\ga1\desktop\恐れすぎた幽鬼\star regein\star regein\x64\debug\objstagechoice.obj
c:\users\ga1\desktop\恐れすぎた幽鬼\star regein\star regein\x64\debug\sceneearth.obj
c:\users\ga1\desktop\恐れすぎた幽鬼\star regein\star regein\x64\debug\scenestagechoice.obj
c:\users\ga1\desktop\恐れすぎた幽鬼\star regein\star regein\x64\debug\objhero.obj
c:\users\ga1\desktop\恐れすぎた幽鬼\star regein\star regein\x64\debug\scenemain.obj
c:\users\ga1\desktop\恐れすぎた幽鬼\star regein\star regein\x64\debug\utilitymodule.obj
c:\users\ga1\desktop\恐れすぎた幽鬼\star regein\star regein\x64\debug\objblock.obj
c:\users\ga1\desktop\恐れすぎた幽鬼\star regein\star regein\x64\debug\objcow.obj
c:\users\ga1\desktop\恐れすぎた幽鬼\star regein\x64\debug\star regein.ilk
c:\users\ga1\desktop\恐れすぎた幽鬼\star regein\x64\debug\star regein.exe
c:\users\ga1\desktop\恐れすぎた幽鬼\star regein\x64\debug\star regein.pdb
c:\users\ga1\desktop\恐れすぎた幽鬼\star regein\star regein\x64\debug\star regein.tlog\cl.command.1.tlog
c:\users\ga1\desktop\恐れすぎた幽鬼\star regein\star regein\x64\debug\star regein.tlog\cl.read.1.tlog
c:\users\ga1\desktop\恐れすぎた幽鬼\star regein\star regein\x64\debug\star regein.tlog\cl.write.1.tlog
c:\users\ga1\desktop\恐れすぎた幽鬼\star regein\star regein\x64\debug\star regein.tlog\link.command.1.tlog
c:\users\ga1\desktop\恐れすぎた幽鬼\star regein\star regein\x64\debug\star regein.tlog\link.read.1.tlog
c:\users\ga1\desktop\恐れすぎた幽鬼\star regein\star regein\x64\debug\star regein.tlog\link.write.1.tlog
