  SceneMain.cpp
  ObjHero.cpp
  SceneTitle.cpp
  SceneStageChoice.cpp
  SceneEarth.cpp
  ObjTitle.cpp
  ObjStageChoice.cpp
c1xx : fatal error C1083: ソース ファイルを開けません。'ObjStageChoice.cpp':No such file or directory
  ObjBeamSaber.cpp
  ObjBlock.cpp
c1xx : fatal error C1083: ソース ファイルを開けません。'ObjBlock.cpp':No such file or directory
  WinInputs.cpp
  WICTextureLoader.cpp
  UserData.cpp
  SetWindow.cpp
  SceneObjManager.cpp
  SceneManager.cpp
  MultiThread.cpp
  HitBoxManager.cpp
  GameL_Main.cpp
  DrawTexture.cpp
  DrawFont.cpp
  コードを生成中...
  コンパイル中...
  Draw2DTex_Source.cpp
  DirectXDevice.cpp
  Audio.cpp
c:\users\student\desktop\恐れすぎた幽鬼\star regein\star regein\gamel\audio.cpp(347): warning C4267: '初期化中': 'size_t' から 'unsigned int' に変換しました。データが失われているかもしれません。
c:\users\student\desktop\恐れすぎた幽鬼\star regein\star regein\gamel\audio.cpp(347): warning C4267: '初期化中': 'size_t' から 'const unsigned int' に変換しました。データが失われているかもしれません。
  コードを生成中...
